<?xml version="1.0" encoding="UTF-8"?>
<testsuite xmlns:xsi="http://www.w3.org/2001/XMLSchema-instance" xsi:noNamespaceSchemaLocation="https://maven.apache.org/surefire/maven-surefire-plugin/xsd/surefire-test-report.xsd" version="3.0.1" name="TestSuite" time="116.524" tests="2" errors="0" skipped="0" failures="0">
  <properties>
[...]
</properties>
  <testcase name="loginTest[{password=Alok@7205767245, runmode=Y, username=senapatiasish11@gmail.com}](1)" classname="com.w2a.testcases.LoginTest" time="5.334">
    <system-out><![CDATA[DEBUG   2025-11-02 11:23:53,339 [main] devpinoyLogger  - Config file loaded
DEBUG   2025-11-02 11:23:53,344 [main] devpinoyLogger  - OR file loaded
DEBUG   2025-11-02 11:24:03,826 [main] devpinoyLogger  - Chrome launched
DEBUG   2025-11-02 11:24:16,023 [main] devpinoyLogger  - Clicking of an element signinlink_XPATH
DEBUG   2025-11-02 11:24:17,287 [main] devpinoyLogger  - Clicking of an element emailfield_XPATH and passing value as senapatiasish11@gmail.com
DEBUG   2025-11-02 11:24:17,557 [main] devpinoyLogger  - Clicking of an element nextbuttonlink_XPATH
DEBUG   2025-11-02 11:24:18,005 [main] devpinoyLogger  - Clicking of an element passwordfield_XPATH and passing value as Alok@7205767245
DEBUG   2025-11-02 11:24:18,182 [main] devpinoyLogger  - Clicking of an element signinbuttonlink_XPATH
]]></system-out>
    <system-err><![CDATA[Nov 02, 2025 11:24:03 AM org.openqa.selenium.devtools.CdpVersionFinder findNearestMatch
WARNING: Unable to find CDP implementation matching 141
Nov 02, 2025 11:24:03 AM org.openqa.selenium.chromium.ChromiumDriver lambda$new$5
WARNING: Unable to find version of CDP to use for 141.0.7390.125. You may need to include a dependency on a specific version of the CDP using something similar to `org.seleniumhq.selenium:selenium-devtools-v86:4.15.0` where the version ("v86") matches the version of the chromium-based browser you're using and the version number of the artifact is the same as Selenium's.
]]></system-err>
  </testcase>
  <testcase name="createAccount[{accounttype=Invester, website=zoho.com, tickersymbol=PID, fax=544698.0, parrentAccount=Alok, annualrevenue=225.0, accountNumber=12546.0, phone=7.205767245E9, employees=Regular, industry=Education, accountName=Alok Senapati, accountSite=Normal, ownerships=Public, siccode=258693.0}](1)" classname="com.w2a.testcases.CreateAccountPageTest" time="69.275">
    <system-out><![CDATA[DEBUG   2025-11-02 11:25:05,166 [main] devpinoyLogger  - Clicking of an element modulebutton_CSS
DEBUG   2025-11-02 11:25:07,311 [main] devpinoyLogger  - Clicking of an element accountsbutton_XPATH
DEBUG   2025-11-02 11:25:10,877 [main] devpinoyLogger  - Clicking of an element createaccountbutton_XPATH
DEBUG   2025-11-02 11:25:11,087 [main] devpinoyLogger  - Clicking of an element accountnamefield_Xpath and passing value as Alok Senapati
DEBUG   2025-11-02 11:25:22,391 [main] devpinoyLogger  - Clicking of an element phonefield_XPATH and passing value as 7.205767245E9
DEBUG   2025-11-02 11:25:24,377 [main] devpinoyLogger  - Clicking of an element accountsitefield_XPATH and passing value as Normal
DEBUG   2025-11-02 11:25:25,709 [main] devpinoyLogger  - Clicking of an element faxfield_XPATH and passing value as 544698.0
DEBUG   2025-11-02 11:25:26,511 [main] devpinoyLogger  - Clicking of an element parrentaccountfield_XPATH and passing value as Alok
DEBUG   2025-11-02 11:25:27,074 [main] devpinoyLogger  - Clicking of an element websitefield_XPATH and passing value as zoho.com
DEBUG   2025-11-02 11:25:27,077 [main] devpinoyLogger  - Clicking of an element accounnumberfield_Xpath and passing value as 12546.0
DEBUG   2025-11-02 11:25:27,545 [main] devpinoyLogger  - Clicking of an element tickersymbolfield_XPATH and passing value as PID
DEBUG   2025-11-02 11:25:28,117 [main] devpinoyLogger  - Clicking of an element employeesfield_XPATH and passing value as Regular
DEBUG   2025-11-02 11:25:28,972 [main] devpinoyLogger  - Clicking of an element annualrevenufield_XPATH and passing value as 225.0
DEBUG   2025-11-02 11:25:29,825 [main] devpinoyLogger  - Clicking of an element siccodefield_XPATH and passing value as 258693.0
]]></system-out>
  </testcase>
</testsuite>