<?xml version="1.0" encoding="UTF-8"?>
<testng-results ignored="0" total="2" passed="2" failed="0" skipped="0">
  <reporter-output>
  </reporter-output>
  <suite started-at="2025-11-02T05:54:12Z" name="Page Object Models Basics" finished-at="2025-11-02T05:55:30Z" duration-ms="77706">
    <groups>
    </groups>
    <test started-at="2025-11-02T05:54:12Z" name="Login Test" finished-at="2025-11-02T05:54:20Z" duration-ms="7561">
      <class name="com.w2a.testcases.LoginTest">
        <test-method signature="loginTest(java.util.Hashtable)[pri:0, instance:com.w2a.testcases.LoginTest@3be4f71]" started-at="2025-11-02T05:54:12Z" name="loginTest" data-provider="dp" finished-at="2025-11-02T05:54:18Z" duration-ms="5238" status="PASS">
          <params>
            <param index="0">
              <value>
                <![CDATA[{password=Alok@7205767245, runmode=Y, username=senapatiasish11@gmail.com}]]>
              </value>
            </param>
          </params>
          <reporter-output>
          </reporter-output>
        </test-method> <!-- loginTest -->
      </class> <!-- com.w2a.testcases.LoginTest -->
    </test> <!-- Login Test -->
    <test started-at="2025-11-02T05:54:20Z" name="Create Account Test" finished-at="2025-11-02T05:55:30Z" duration-ms="70051">
      <class name="com.w2a.testcases.LoginTest">
        <test-method is-config="true" signature="close()[pri:0, instance:com.w2a.testcases.LoginTest@3be4f71]" started-at="2025-11-02T05:55:32Z" name="close" finished-at="2025-11-02T05:55:46Z" duration-ms="14116" status="PASS">
          <reporter-output>
          </reporter-output>
        </test-method> <!-- close -->
      </class> <!-- com.w2a.testcases.LoginTest -->
      <class name="com.w2a.testcases.CreateAccountPageTest">
        <test-method signature="createAccount(java.util.Hashtable)[pri:0, instance:com.w2a.testcases.CreateAccountPageTest@59429fac]" started-at="2025-11-02T05:54:20Z" name="createAccount" finished-at="2025-11-02T05:55:29Z" duration-ms="69216" status="PASS">
          <params>
            <param index="0">
              <value>
                <![CDATA[{accounttype=Invester, website=zoho.com, tickersymbol=PID, fax=544698.0, parrentAccount=Alok, annualrevenue=225.0, accountNumber=12546.0, phone=7.205767245E9, employees=Regular, industry=Education, accountName=Alok Senapati, accountSite=Normal, ownerships=Public, siccode=258693.0}]]>
              </value>
            </param>
          </params>
          <reporter-output>
          </reporter-output>
        </test-method> <!-- createAccount -->
      </class> <!-- com.w2a.testcases.CreateAccountPageTest -->
    </test> <!-- Create Account Test -->
  </suite> <!-- Page Object Models Basics -->
</testng-results>
